d:\suli\directx\gamegroupproject\mygame\source\library\debug\library.pdb
d:\suli\directx\gamegroupproject\mygame\source\library\debug\library.idb
d:\suli\directx\gamegroupproject\mygame\source\library\debug\camera.obj
d:\suli\directx\gamegroupproject\mygame\source\library\debug\colorhelper.obj
d:\suli\directx\gamegroupproject\mygame\source\library\debug\drawablegamecomponent.obj
d:\suli\directx\gamegroupproject\mygame\source\library\debug\firstpersoncamera.obj
d:\suli\directx\gamegroupproject\mygame\source\library\debug\fpscomponent.obj
d:\suli\directx\gamegroupproject\mygame\source\library\debug\game.obj
d:\suli\directx\gamegroupproject\mygame\source\library\debug\gameclock.obj
d:\suli\directx\gamegroupproject\mygame\source\library\debug\gamecomponent.obj
d:\suli\directx\gamegroupproject\mygame\source\library\debug\gameexception.obj
d:\suli\directx\gamegroupproject\mygame\source\library\debug\gametime.obj
d:\suli\directx\gamegroupproject\mygame\source\library\debug\keyboard.obj
d:\suli\directx\gamegroupproject\mygame\source\library\debug\matrixhelpercpp.obj
d:\suli\directx\gamegroupproject\mygame\source\library\debug\mesh.obj
d:\suli\directx\gamegroupproject\mygame\source\library\debug\model.obj
d:\suli\directx\gamegroupproject\mygame\source\library\debug\modelmaterial.obj
d:\suli\directx\gamegroupproject\mygame\source\library\debug\mouse.obj
d:\suli\directx\gamegroupproject\mygame\source\library\debug\renderstatehelper.obj
d:\suli\directx\gamegroupproject\mygame\source\library\debug\servicecontainer.obj
d:\suli\directx\gamegroupproject\mygame\source\library\debug\utility.obj
d:\suli\directx\gamegroupproject\mygame\source\library\debug\vectorhelper.obj
d:\suli\directx\gamegroupproject\mygame\build\debug\libraryd.lib
d:\suli\directx\gamegroupproject\mygame\source\library\debug\library.tlog\cl.command.1.tlog
d:\suli\directx\gamegroupproject\mygame\source\library\debug\library.tlog\cl.read.1.tlog
d:\suli\directx\gamegroupproject\mygame\source\library\debug\library.tlog\cl.write.1.tlog
d:\suli\directx\gamegroupproject\mygame\source\library\debug\library.tlog\lib-link.read.1.tlog
d:\suli\directx\gamegroupproject\mygame\source\library\debug\library.tlog\lib-link.write.1.tlog
d:\suli\directx\gamegroupproject\mygame\source\library\debug\library.tlog\lib.command.1.tlog
