  Variable.cpp
  c:\program files (x86)\windows kits\10\include\10.0.15063.0\um\dinput.h: DIRECTINPUT_VERSION undefined. Defaulting to version 0x0800
  Technique.cpp
  c:\program files (x86)\windows kits\10\include\10.0.15063.0\um\dinput.h: DIRECTINPUT_VERSION undefined. Defaulting to version 0x0800
  Pass.cpp
  c:\program files (x86)\windows kits\10\include\10.0.15063.0\um\dinput.h: DIRECTINPUT_VERSION undefined. Defaulting to version 0x0800
  Material.cpp
  c:\program files (x86)\windows kits\10\include\10.0.15063.0\um\dinput.h: DIRECTINPUT_VERSION undefined. Defaulting to version 0x0800
  Effect.cpp
  c:\program files (x86)\windows kits\10\include\10.0.15063.0\um\dinput.h: DIRECTINPUT_VERSION undefined. Defaulting to version 0x0800
  BasicMaterial.cpp
  c:\program files (x86)\windows kits\10\include\10.0.15063.0\um\dinput.h: DIRECTINPUT_VERSION undefined. Defaulting to version 0x0800
  Generating Code...
  Library.vcxproj -> D:\Suli\DirectX\GameGroupProject\myGame\build\Debug\Libraryd.lib
  A subdirectory or file D:\Suli\DirectX\GameGroupProject\myGame\build\..\lib\ already exists.
          1 file(s) copied.
  A subdirectory or file D:\Suli\DirectX\GameGroupProject\myGame\build\..\content\ already exists.
  D:\Suli\DirectX\GameGroupProject\myGame\build\Debug\Content\Effects\BasicEffect.cso
  D:\Suli\DirectX\GameGroupProject\myGame\build\Debug\Content\Effects\BasicEffect.fx
  D:\Suli\DirectX\GameGroupProject\myGame\build\Debug\Content\Fonts\Arial_14_Regular.spritefont
  D:\Suli\DirectX\GameGroupProject\myGame\build\Debug\Content\Models\california.obj
  D:\Suli\DirectX\GameGroupProject\myGame\build\Debug\Content\Models\chest.obj
  5 File(s) copied
