d:\suli\directx\gamegroupproject\mygame\source\game\debug\vc141.pdb
d:\suli\directx\gamegroupproject\mygame\source\game\debug\vc141.idb
d:\suli\directx\gamegroupproject\mygame\source\game\debug\cubedemo.obj
d:\suli\directx\gamegroupproject\mygame\source\game\debug\modeldemo.obj
d:\suli\directx\gamegroupproject\mygame\source\game\debug\program.obj
d:\suli\directx\gamegroupproject\mygame\source\game\debug\renderinggame.obj
d:\suli\directx\gamegroupproject\mygame\source\game\debug\triangledemo.obj
d:\suli\directx\gamegroupproject\mygame\build\debug\game.pdb
d:\suli\directx\gamegroupproject\mygame\source\game\debug\game.tlog\cl.command.1.tlog
d:\suli\directx\gamegroupproject\mygame\source\game\debug\game.tlog\cl.read.1.tlog
d:\suli\directx\gamegroupproject\mygame\source\game\debug\game.tlog\cl.write.1.tlog
d:\suli\directx\gamegroupproject\mygame\source\game\debug\game.tlog\link-cvtres.read.1.tlog
d:\suli\directx\gamegroupproject\mygame\source\game\debug\game.tlog\link-cvtres.write.1.tlog
d:\suli\directx\gamegroupproject\mygame\source\game\debug\game.tlog\link-rc.read.1.tlog
d:\suli\directx\gamegroupproject\mygame\source\game\debug\game.tlog\link-rc.write.1.tlog
d:\suli\directx\gamegroupproject\mygame\source\game\debug\game.tlog\link.8260-cvtres.read.1.tlog
d:\suli\directx\gamegroupproject\mygame\source\game\debug\game.tlog\link.8260-cvtres.write.1.tlog
d:\suli\directx\gamegroupproject\mygame\source\game\debug\game.tlog\link.8260-rc.read.1.tlog
d:\suli\directx\gamegroupproject\mygame\source\game\debug\game.tlog\link.8260-rc.write.1.tlog
d:\suli\directx\gamegroupproject\mygame\source\game\debug\game.tlog\link.8260.read.1.tlog
d:\suli\directx\gamegroupproject\mygame\source\game\debug\game.tlog\link.8260.write.1.tlog
d:\suli\directx\gamegroupproject\mygame\source\game\debug\game.tlog\link.command.1.tlog
d:\suli\directx\gamegroupproject\mygame\source\game\debug\game.tlog\link.read.1.tlog
d:\suli\directx\gamegroupproject\mygame\source\game\debug\game.tlog\link.write.1.tlog
